c:\users\amith\onedrive\שולחן העבודה\system programing\eventmanagmentsystem\x64\debug\vc143.pdb
c:\users\amith\onedrive\שולחן העבודה\system programing\eventmanagmentsystem\x64\debug\vc143.idb
c:\users\amith\onedrive\שולחן העבודה\system programing\eventmanagmentsystem\x64\debug\worker.obj
c:\users\amith\onedrive\שולחן העבודה\system programing\eventmanagmentsystem\x64\debug\invoice.obj
c:\users\amith\onedrive\שולחן העבודה\system programing\eventmanagmentsystem\x64\debug\main.obj
c:\users\amith\onedrive\שולחן העבודה\system programing\eventmanagmentsystem\x64\debug\list.obj
c:\users\amith\onedrive\שולחן העבודה\system programing\eventmanagmentsystem\x64\debug\general.obj
c:\users\amith\onedrive\שולחן העבודה\system programing\eventmanagmentsystem\x64\debug\file.obj
c:\users\amith\onedrive\שולחן העבודה\system programing\eventmanagmentsystem\x64\debug\eventmanager.obj
c:\users\amith\onedrive\שולחן העבודה\system programing\eventmanagmentsystem\x64\debug\eventhallsowner.obj
c:\users\amith\onedrive\שולחן העבודה\system programing\eventmanagmentsystem\x64\debug\eventhall.obj
c:\users\amith\onedrive\שולחן העבודה\system programing\eventmanagmentsystem\x64\debug\event.obj
c:\users\amith\onedrive\שולחן העבודה\system programing\eventmanagmentsystem\x64\debug\date.obj
c:\users\amith\onedrive\שולחן העבודה\system programing\eventmanagmentsystem\x64\debug\address.obj
c:\users\amith\onedrive\שולחן העבודה\system programing\eventmanagmentsystem\x64\debug\acountent.obj
c:\users\amith\onedrive\שולחן העבודה\system programing\eventmanagmentsystem\x64\debug\eventmanagmentsystem.ilk
c:\users\amith\onedrive\שולחן העבודה\system programing\eventmanagmentsystem\x64\debug\eventmanagmentsystem.exe
c:\users\amith\onedrive\שולחן העבודה\system programing\eventmanagmentsystem\x64\debug\eventmanagmentsystem.pdb
c:\users\amith\onedrive\שולחן העבודה\system programing\eventmanagmentsystem\x64\debug\eventman.0fb7a78e.tlog\cl.command.1.tlog
c:\users\amith\onedrive\שולחן העבודה\system programing\eventmanagmentsystem\x64\debug\eventman.0fb7a78e.tlog\cl.items.tlog
c:\users\amith\onedrive\שולחן העבודה\system programing\eventmanagmentsystem\x64\debug\eventman.0fb7a78e.tlog\cl.read.1.tlog
c:\users\amith\onedrive\שולחן העבודה\system programing\eventmanagmentsystem\x64\debug\eventman.0fb7a78e.tlog\cl.write.1.tlog
c:\users\amith\onedrive\שולחן העבודה\system programing\eventmanagmentsystem\x64\debug\eventman.0fb7a78e.tlog\link.command.1.tlog
c:\users\amith\onedrive\שולחן העבודה\system programing\eventmanagmentsystem\x64\debug\eventman.0fb7a78e.tlog\link.read.1.tlog
c:\users\amith\onedrive\שולחן העבודה\system programing\eventmanagmentsystem\x64\debug\eventman.0fb7a78e.tlog\link.write.1.tlog
